2023-10-21 21:12:18,939 [INFO] Activator:177 - 


2023-10-21 21:12:18,941 [INFO] Activator:178 - !SESSION log4j initialized
2023-10-21 21:14:26,250 [INFO] McuFinderGlobals:39 - Set McuFinder mode to 2 (CubeIDE integrated)
2023-10-21 21:14:26,364 [INFO] ApplicationProperties:181 - Using Application install path: C:\ST\STM32CubeIDE_1.7.0\STM32CubeIDE\plugins\com.st.stm32cube.common.mx_6.3.0.202107141111
2023-10-21 21:14:26,374 [INFO] DbMcusXml:74 - Set database path to: C:\ST\STM32CubeIDE_1.7.0\STM32CubeIDE\plugins\com.st.stm32cube.common.mx_6.3.0.202107141111\\db\/mcu/
2023-10-21 21:14:26,377 [INFO] DbBoardsPdsc:56 - Set plugin database path to: C:\ST\STM32CubeIDE_1.7.0\STM32CubeIDE\plugins\com.st.stm32cube.common.mx_6.3.0.202107141111\\db\/plugins/boardmanager/
2023-10-21 21:14:26,377 [INFO] DbMcus:258 - Set plugin images path to: C:\ST\STM32CubeIDE_1.7.0\STM32CubeIDE\plugins\com.st.stm32cube.common.mx_6.3.0.202107141111\\db\/plugins/mcufinder/images/
2023-10-21 21:14:26,377 [INFO] DbBoards:264 - Set plugin images path to: C:\ST\STM32CubeIDE_1.7.0\STM32CubeIDE\plugins\com.st.stm32cube.common.mx_6.3.0.202107141111\\db\/plugins/mcufinder/images/
2023-10-21 21:14:26,379 [INFO] DbExamples:333 - Set plugin images path to: C:\ST\STM32CubeIDE_1.7.0\STM32CubeIDE\plugins\com.st.stm32cube.common.mx_6.3.0.202107141111\\db\/plugins/mcufinder/images/
2023-10-21 21:14:26,383 [INFO] DbMcusAds:119 - Set database path to: C:\Users\Heathcliff\.stmcufinder\plugins\mcufinder//mcu/
2023-10-21 21:14:26,383 [INFO] DbMcusDocs:110 - Set database path to: C:\Users\Heathcliff\.stmcufinder\plugins\mcufinder//mcu/
2023-10-21 21:14:26,385 [INFO] DbMcusJson:64 - Set database path to: C:\Users\Heathcliff\.stmcufinder\plugins\mcufinder//mcu/
2023-10-21 21:14:26,385 [INFO] DbBoardsDocs:110 - Set database path to: C:\Users\Heathcliff\.stmcufinder\plugins\mcufinder//mcu/
2023-10-21 21:14:26,386 [INFO] DbBoardsJson:57 - Set database path to: C:\Users\Heathcliff\.stmcufinder\plugins\mcufinder//mcu/
2023-10-21 21:14:26,391 [INFO] CrossReferenceDbSqlite:196 - Set database path to: C:\Users\Heathcliff\.stmcufinder\plugins\mcufinder//mcu/cs/
2023-10-21 21:14:26,393 [INFO] DbExamplesSqlite:767 - Set database path to: C:\Users\Heathcliff\.stmcufinder\plugins\mcufinder//mcu/
2023-10-21 21:14:26,465 [INFO] RulesReader:57 - Compatibility file has been processed (242 Rules)
2023-10-21 21:14:26,525 [INFO] DbMcusXml:74 - Set database path to: C:\ST\STM32CubeIDE_1.7.0\STM32CubeIDE\plugins\com.st.stm32cube.common.mx_6.3.0.202107141111\\db\/mcu/
2023-10-21 21:14:26,526 [INFO] DbBoardsPdsc:56 - Set plugin database path to: C:\ST\STM32CubeIDE_1.7.0\STM32CubeIDE\plugins\com.st.stm32cube.common.mx_6.3.0.202107141111\\db\/plugins/boardmanager/
2023-10-21 21:14:26,526 [INFO] DbMcus:258 - Set plugin images path to: C:\ST\STM32CubeIDE_1.7.0\STM32CubeIDE\plugins\com.st.stm32cube.common.mx_6.3.0.202107141111\\db\/plugins/mcufinder/images/
2023-10-21 21:14:26,526 [INFO] DbBoards:264 - Set plugin images path to: C:\ST\STM32CubeIDE_1.7.0\STM32CubeIDE\plugins\com.st.stm32cube.common.mx_6.3.0.202107141111\\db\/plugins/mcufinder/images/
2023-10-21 21:14:26,526 [INFO] DbExamples:333 - Set plugin images path to: C:\ST\STM32CubeIDE_1.7.0\STM32CubeIDE\plugins\com.st.stm32cube.common.mx_6.3.0.202107141111\\db\/plugins/mcufinder/images/
2023-10-21 21:14:26,526 [WARN] DbFile:35 - Overriding database path with different value: C:\Users\Heathcliff\.stmcufinder\plugins\mcufinder/ => C:\Users\Heathcliff\.stmcufinder\plugins\mcufinder
2023-10-21 21:14:26,526 [INFO] DbMcusAds:119 - Set database path to: C:\Users\Heathcliff\.stmcufinder\plugins\mcufinder//mcu/
2023-10-21 21:14:26,526 [WARN] DbFile:35 - Overriding database path with different value: C:\Users\Heathcliff\.stmcufinder\plugins\mcufinder/ => C:\Users\Heathcliff\.stmcufinder\plugins\mcufinder
2023-10-21 21:14:26,527 [INFO] DbMcusDocs:110 - Set database path to: C:\Users\Heathcliff\.stmcufinder\plugins\mcufinder//mcu/
2023-10-21 21:14:26,527 [WARN] DbFile:35 - Overriding database path with different value: C:\Users\Heathcliff\.stmcufinder\plugins\mcufinder/ => C:\Users\Heathcliff\.stmcufinder\plugins\mcufinder
2023-10-21 21:14:26,527 [INFO] DbMcusJson:64 - Set database path to: C:\Users\Heathcliff\.stmcufinder\plugins\mcufinder//mcu/
2023-10-21 21:14:26,527 [WARN] DbFile:35 - Overriding database path with different value: C:\Users\Heathcliff\.stmcufinder\plugins\mcufinder/ => C:\Users\Heathcliff\.stmcufinder\plugins\mcufinder
2023-10-21 21:14:26,527 [INFO] DbBoardsDocs:110 - Set database path to: C:\Users\Heathcliff\.stmcufinder\plugins\mcufinder//mcu/
2023-10-21 21:14:26,527 [WARN] DbFile:35 - Overriding database path with different value: C:\Users\Heathcliff\.stmcufinder\plugins\mcufinder/ => C:\Users\Heathcliff\.stmcufinder\plugins\mcufinder
2023-10-21 21:14:26,527 [INFO] DbBoardsJson:57 - Set database path to: C:\Users\Heathcliff\.stmcufinder\plugins\mcufinder//mcu/
2023-10-21 21:14:26,527 [WARN] DbFile:35 - Overriding database path with different value: C:\Users\Heathcliff\.stmcufinder\plugins\mcufinder/ => C:\Users\Heathcliff\.stmcufinder\plugins\mcufinder
2023-10-21 21:14:26,527 [WARN] DbFile:35 - Overriding database path with different value: C:\Users\Heathcliff\.stmcufinder\plugins\mcufinder/ => C:\Users\Heathcliff\.stmcufinder\plugins\mcufinder
2023-10-21 21:14:26,527 [INFO] CrossReferenceDbSqlite:196 - Set database path to: C:\Users\Heathcliff\.stmcufinder\plugins\mcufinder//mcu/cs/
2023-10-21 21:14:26,527 [WARN] DbFile:35 - Overriding database path with different value: C:\Users\Heathcliff\.stmcufinder\plugins\mcufinder/ => C:\Users\Heathcliff\.stmcufinder\plugins\mcufinder
2023-10-21 21:14:26,527 [INFO] DbExamplesSqlite:767 - Set database path to: C:\Users\Heathcliff\.stmcufinder\plugins\mcufinder//mcu/
2023-10-21 21:14:26,573 [INFO] MainPanel:214 - HeapMemory: 682622976
2023-10-21 21:14:26,625 [INFO] DbMcusXml:74 - Set database path to: C:\ST\STM32CubeIDE_1.7.0\STM32CubeIDE\plugins\com.st.stm32cube.common.mx_6.3.0.202107141111\\db\/mcu/
2023-10-21 21:14:26,625 [INFO] DbBoardsPdsc:56 - Set plugin database path to: C:\ST\STM32CubeIDE_1.7.0\STM32CubeIDE\plugins\com.st.stm32cube.common.mx_6.3.0.202107141111\\db\/plugins/boardmanager/
2023-10-21 21:14:26,625 [INFO] DbMcus:258 - Set plugin images path to: C:\ST\STM32CubeIDE_1.7.0\STM32CubeIDE\plugins\com.st.stm32cube.common.mx_6.3.0.202107141111\\db\/plugins/mcufinder/images/
2023-10-21 21:14:26,625 [INFO] DbBoards:264 - Set plugin images path to: C:\ST\STM32CubeIDE_1.7.0\STM32CubeIDE\plugins\com.st.stm32cube.common.mx_6.3.0.202107141111\\db\/plugins/mcufinder/images/
2023-10-21 21:14:26,625 [INFO] DbExamples:333 - Set plugin images path to: C:\ST\STM32CubeIDE_1.7.0\STM32CubeIDE\plugins\com.st.stm32cube.common.mx_6.3.0.202107141111\\db\/plugins/mcufinder/images/
2023-10-21 21:14:26,626 [WARN] DbFile:35 - Overriding database path with different value: C:\Users\Heathcliff\.stmcufinder\plugins\mcufinder/ => C:\Users\Heathcliff\.stmcufinder\plugins\mcufinder
2023-10-21 21:14:26,626 [INFO] DbMcusAds:119 - Set database path to: C:\Users\Heathcliff\.stmcufinder\plugins\mcufinder//mcu/
2023-10-21 21:14:26,626 [WARN] DbFile:35 - Overriding database path with different value: C:\Users\Heathcliff\.stmcufinder\plugins\mcufinder/ => C:\Users\Heathcliff\.stmcufinder\plugins\mcufinder
2023-10-21 21:14:26,626 [INFO] DbMcusDocs:110 - Set database path to: C:\Users\Heathcliff\.stmcufinder\plugins\mcufinder//mcu/
2023-10-21 21:14:26,626 [WARN] DbFile:35 - Overriding database path with different value: C:\Users\Heathcliff\.stmcufinder\plugins\mcufinder/ => C:\Users\Heathcliff\.stmcufinder\plugins\mcufinder
2023-10-21 21:14:26,626 [INFO] DbMcusJson:64 - Set database path to: C:\Users\Heathcliff\.stmcufinder\plugins\mcufinder//mcu/
2023-10-21 21:14:26,626 [WARN] DbFile:35 - Overriding database path with different value: C:\Users\Heathcliff\.stmcufinder\plugins\mcufinder/ => C:\Users\Heathcliff\.stmcufinder\plugins\mcufinder
2023-10-21 21:14:26,626 [INFO] DbBoardsDocs:110 - Set database path to: C:\Users\Heathcliff\.stmcufinder\plugins\mcufinder//mcu/
2023-10-21 21:14:26,626 [WARN] DbFile:35 - Overriding database path with different value: C:\Users\Heathcliff\.stmcufinder\plugins\mcufinder/ => C:\Users\Heathcliff\.stmcufinder\plugins\mcufinder
2023-10-21 21:14:26,626 [INFO] DbBoardsJson:57 - Set database path to: C:\Users\Heathcliff\.stmcufinder\plugins\mcufinder//mcu/
2023-10-21 21:14:26,626 [WARN] DbFile:35 - Overriding database path with different value: C:\Users\Heathcliff\.stmcufinder\plugins\mcufinder/ => C:\Users\Heathcliff\.stmcufinder\plugins\mcufinder
2023-10-21 21:14:26,626 [WARN] DbFile:35 - Overriding database path with different value: C:\Users\Heathcliff\.stmcufinder\plugins\mcufinder/ => C:\Users\Heathcliff\.stmcufinder\plugins\mcufinder
2023-10-21 21:14:26,626 [INFO] CrossReferenceDbSqlite:196 - Set database path to: C:\Users\Heathcliff\.stmcufinder\plugins\mcufinder//mcu/cs/
2023-10-21 21:14:26,627 [WARN] DbFile:35 - Overriding database path with different value: C:\Users\Heathcliff\.stmcufinder\plugins\mcufinder/ => C:\Users\Heathcliff\.stmcufinder\plugins\mcufinder
2023-10-21 21:14:26,627 [INFO] DbExamplesSqlite:767 - Set database path to: C:\Users\Heathcliff\.stmcufinder\plugins\mcufinder//mcu/
2023-10-21 21:14:26,641 [INFO] ApplicationProperties:181 - Using Application install path: C:\ST\STM32CubeIDE_1.7.0\STM32CubeIDE\plugins\com.st.stm32cube.common.mx_6.3.0.202107141111
2023-10-21 21:14:26,642 [INFO] PluginManage:188 - Search for loadable plugins [exclusion list=, ]
2023-10-21 21:14:26,643 [INFO] PluginManage:302 - Check plugin analytics
2023-10-21 21:14:31,677 [INFO] AnalyticsPlugin:257 - Accepted Software Licenses: 
2023-10-21 21:14:31,678 [INFO] AnalyticsPlugin:259 - Accepted CMSIS Pack Licenses: 
2023-10-21 21:14:31,678 [INFO] AnalyticsPlugin:261 - Accepted Firmware Licenses: 
2023-10-21 21:14:31,678 [INFO] PluginManage:352 - Loaded plugin analytics (category:tool,tabindex:-1)
2023-10-21 21:14:31,678 [INFO] PluginManage:302 - Check plugin clock
2023-10-21 21:14:31,686 [INFO] PluginManage:352 - Loaded plugin clock (category:base,tabindex:2)
2023-10-21 21:14:31,686 [INFO] PluginManage:302 - Check plugin ddr
2023-10-21 21:14:31,688 [INFO] PluginManage:352 - Loaded plugin ddr (category:tool,tabindex:6)
2023-10-21 21:14:31,688 [INFO] PluginManage:302 - Check plugin filemanager
2023-10-21 21:14:31,787 [INFO] PluginManage:352 - Loaded plugin filemanager (category:base,tabindex:10)
2023-10-21 21:14:31,787 [INFO] PluginManage:302 - Check plugin ipmanager
2023-10-21 21:14:31,794 [INFO] PluginManage:352 - Loaded plugin ipmanager (category:base,tabindex:5)
2023-10-21 21:14:31,794 [INFO] PluginManage:302 - Check plugin pinoutandconfiguration
2023-10-21 21:14:31,800 [INFO] PluginManage:352 - Loaded plugin pinoutandconfiguration (category:base,tabindex:1)
2023-10-21 21:14:31,800 [INFO] PluginManage:302 - Check plugin pinoutconfig
2023-10-21 21:14:31,822 [INFO] PluginManage:352 - Loaded plugin pinoutconfig (category:base,tabindex:0)
2023-10-21 21:14:31,822 [INFO] PluginManage:302 - Check plugin power
2023-10-21 21:14:31,828 [INFO] PluginManage:352 - Loaded plugin power (category:power,tabindex:4)
2023-10-21 21:14:31,828 [INFO] PluginManage:302 - Check plugin projectmanager
2023-10-21 21:14:31,839 [INFO] PluginManage:352 - Loaded plugin projectmanager (category:projectmanager,tabindex:3)
2023-10-21 21:14:31,839 [INFO] PluginManage:302 - Check plugin thirdparty
2023-10-21 21:14:31,920 [WARN] IntegrityCheckThread:78 - waiting for thirdparty lock release [integrity check]
2023-10-21 21:14:31,920 [INFO] PluginManage:352 - Loaded plugin thirdparty (category:base,tabindex:-1)
2023-10-21 21:14:31,920 [INFO] IntegrityCheckThread:80 - entering critical section [integrity check]
2023-10-21 21:14:31,920 [INFO] PluginManage:302 - Check plugin tools
2023-10-21 21:14:31,920 [INFO] ThirdPartyUpdaterWithRetryManager:66 - Updater plugin not ready yet. [1/15]
2023-10-21 21:14:31,922 [INFO] PluginManage:352 - Loaded plugin tools (category:base,tabindex:7)
2023-10-21 21:14:31,922 [INFO] PluginManage:302 - Check plugin tutovideos
2023-10-21 21:14:32,083 [INFO] PluginManage:352 - Loaded plugin tutovideos (category:base,tabindex:-1)
2023-10-21 21:14:32,083 [INFO] PluginManage:302 - Check plugin updater
2023-10-21 21:14:32,093 [INFO] PluginManage:352 - Loaded plugin updater (category:base,tabindex:12)
2023-10-21 21:14:32,094 [INFO] PluginManage:275 - PluginManage : Loaded plugins [13]
2023-10-21 21:14:32,245 [INFO] PinOutPanel:1463 - setPackage(No Configuration,No Configuration)
2023-10-21 21:14:32,321 [INFO] IPUIPlugin:74 - create IPUIPlugin
2023-10-21 21:14:32,321 [INFO] PluginManager:213 - loadIPPluginJar : add adc
2023-10-21 21:14:32,324 [INFO] IPUIPlugin:74 - create IPUIPlugin
2023-10-21 21:14:32,324 [INFO] PluginManager:213 - loadIPPluginJar : add aes
2023-10-21 21:14:32,327 [INFO] IPUIPlugin:74 - create IPUIPlugin
2023-10-21 21:14:32,327 [INFO] PluginManager:213 - loadIPPluginJar : add can
2023-10-21 21:14:32,328 [INFO] IPUIPlugin:74 - create IPUIPlugin
2023-10-21 21:14:32,328 [INFO] PluginManager:213 - loadIPPluginJar : add comp
2023-10-21 21:14:32,330 [INFO] IPUIPlugin:74 - create IPUIPlugin
2023-10-21 21:14:32,330 [INFO] PluginManager:213 - loadIPPluginJar : add cryp
2023-10-21 21:14:32,331 [INFO] IPUIPlugin:74 - create IPUIPlugin
2023-10-21 21:14:32,331 [INFO] PluginManager:213 - loadIPPluginJar : add dfsdm
2023-10-21 21:14:32,336 [INFO] IPUIPlugin:74 - create IPUIPlugin
2023-10-21 21:14:32,336 [INFO] PluginManager:213 - loadIPPluginJar : add dma
2023-10-21 21:14:32,338 [INFO] IPUIPlugin:74 - create IPUIPlugin
2023-10-21 21:14:32,338 [INFO] PluginManager:213 - loadIPPluginJar : add dma3
2023-10-21 21:14:32,339 [INFO] IPUIPlugin:74 - create IPUIPlugin
2023-10-21 21:14:32,340 [INFO] PluginManager:213 - loadIPPluginJar : add fatfs
2023-10-21 21:14:32,343 [INFO] IPUIPlugin:74 - create IPUIPlugin
2023-10-21 21:14:32,343 [INFO] PluginManager:213 - loadIPPluginJar : add fmc
2023-10-21 21:14:32,348 [INFO] IPUIPlugin:74 - create IPUIPlugin
2023-10-21 21:14:32,348 [INFO] PluginManager:213 - loadIPPluginJar : add freertos
2023-10-21 21:14:32,349 [INFO] IPUIPlugin:74 - create IPUIPlugin
2023-10-21 21:14:32,349 [INFO] PluginManager:213 - loadIPPluginJar : add genericplugin
2023-10-21 21:14:32,350 [INFO] IPUIPlugin:74 - create IPUIPlugin
2023-10-21 21:14:32,351 [INFO] PluginManager:213 - loadIPPluginJar : add gfxmmu
2023-10-21 21:14:32,355 [INFO] IPUIPlugin:74 - create IPUIPlugin
2023-10-21 21:14:32,355 [INFO] PluginManager:213 - loadIPPluginJar : add gic
2023-10-21 21:14:32,358 [INFO] IPUIPlugin:74 - create IPUIPlugin
2023-10-21 21:14:32,358 [INFO] PluginManager:213 - loadIPPluginJar : add gpio
2023-10-21 21:14:32,359 [INFO] IPUIPlugin:74 - create IPUIPlugin
2023-10-21 21:14:32,359 [INFO] PluginManager:213 - loadIPPluginJar : add gtzc
2023-10-21 21:14:32,361 [INFO] IPUIPlugin:74 - create IPUIPlugin
2023-10-21 21:14:32,361 [INFO] PluginManager:213 - loadIPPluginJar : add hash
2023-10-21 21:14:32,363 [INFO] IPUIPlugin:74 - create IPUIPlugin
2023-10-21 21:14:32,363 [INFO] PluginManager:213 - loadIPPluginJar : add i2c
2023-10-21 21:14:32,364 [INFO] IPUIPlugin:74 - create IPUIPlugin
2023-10-21 21:14:32,364 [INFO] PluginManager:213 - loadIPPluginJar : add i2s
2023-10-21 21:14:32,366 [INFO] IPUIPlugin:74 - create IPUIPlugin
2023-10-21 21:14:32,367 [INFO] PluginManager:213 - loadIPPluginJar : add ipddr
2023-10-21 21:14:32,372 [INFO] IPUIPlugin:74 - create IPUIPlugin
2023-10-21 21:14:32,373 [INFO] PluginManager:213 - loadIPPluginJar : add linkedlist
2023-10-21 21:14:32,374 [INFO] IPUIPlugin:74 - create IPUIPlugin
2023-10-21 21:14:32,375 [INFO] PluginManager:213 - loadIPPluginJar : add lorawan
2023-10-21 21:14:32,376 [INFO] IPUIPlugin:74 - create IPUIPlugin
2023-10-21 21:14:32,376 [INFO] PluginManager:213 - loadIPPluginJar : add ltdc
2023-10-21 21:14:32,378 [INFO] IPUIPlugin:74 - create IPUIPlugin
2023-10-21 21:14:32,378 [INFO] PluginManager:213 - loadIPPluginJar : add mdma
2023-10-21 21:14:32,381 [INFO] IPUIPlugin:74 - create IPUIPlugin
2023-10-21 21:14:32,381 [INFO] PluginManager:213 - loadIPPluginJar : add nvic
2023-10-21 21:14:32,383 [INFO] IPUIPlugin:74 - create IPUIPlugin
2023-10-21 21:14:32,383 [INFO] PluginManager:213 - loadIPPluginJar : add opamp
2023-10-21 21:14:32,385 [INFO] IPUIPlugin:74 - create IPUIPlugin
2023-10-21 21:14:32,385 [INFO] PluginManager:213 - loadIPPluginJar : add openamp
2023-10-21 21:14:32,387 [INFO] IPUIPlugin:74 - create IPUIPlugin
2023-10-21 21:14:32,387 [INFO] PluginManager:213 - loadIPPluginJar : add pdm2pcm
2023-10-21 21:14:32,392 [INFO] IPUIPlugin:74 - create IPUIPlugin
2023-10-21 21:14:32,394 [INFO] PluginManager:213 - loadIPPluginJar : add plateformsettings
2023-10-21 21:14:32,395 [INFO] IPUIPlugin:74 - create IPUIPlugin
2023-10-21 21:14:32,396 [INFO] PluginManager:213 - loadIPPluginJar : add quadspi
2023-10-21 21:14:32,398 [INFO] IPUIPlugin:74 - create IPUIPlugin
2023-10-21 21:14:32,398 [INFO] PluginManager:213 - loadIPPluginJar : add resmgrutility
2023-10-21 21:14:32,400 [INFO] IPUIPlugin:74 - create IPUIPlugin
2023-10-21 21:14:32,400 [INFO] PluginManager:213 - loadIPPluginJar : add sai
2023-10-21 21:14:32,402 [INFO] IPUIPlugin:74 - create IPUIPlugin
2023-10-21 21:14:32,402 [INFO] PluginManager:213 - loadIPPluginJar : add spi
2023-10-21 21:14:32,406 [INFO] IPUIPlugin:74 - create IPUIPlugin
2023-10-21 21:14:32,406 [INFO] PluginManager:213 - loadIPPluginJar : add stm32_wpan
2023-10-21 21:14:32,407 [INFO] IPUIPlugin:74 - create IPUIPlugin
2023-10-21 21:14:32,407 [INFO] PluginManager:213 - loadIPPluginJar : add tim
2023-10-21 21:14:32,409 [INFO] IPUIPlugin:74 - create IPUIPlugin
2023-10-21 21:14:32,409 [INFO] PluginManager:213 - loadIPPluginJar : add touchsensing
2023-10-21 21:14:32,410 [INFO] IPUIPlugin:74 - create IPUIPlugin
2023-10-21 21:14:32,410 [INFO] PluginManager:213 - loadIPPluginJar : add tracer_emb
2023-10-21 21:14:32,411 [INFO] IPUIPlugin:74 - create IPUIPlugin
2023-10-21 21:14:32,411 [INFO] PluginManager:213 - loadIPPluginJar : add ts
2023-10-21 21:14:32,412 [INFO] IPUIPlugin:74 - create IPUIPlugin
2023-10-21 21:14:32,412 [INFO] PluginManager:213 - loadIPPluginJar : add tsc
2023-10-21 21:14:32,413 [INFO] IPUIPlugin:74 - create IPUIPlugin
2023-10-21 21:14:32,413 [INFO] PluginManager:213 - loadIPPluginJar : add ucpd
2023-10-21 21:14:32,415 [INFO] IPUIPlugin:74 - create IPUIPlugin
2023-10-21 21:14:32,415 [INFO] PluginManager:213 - loadIPPluginJar : add usart
2023-10-21 21:14:32,417 [INFO] IPUIPlugin:74 - create IPUIPlugin
2023-10-21 21:14:32,417 [INFO] PluginManager:213 - loadIPPluginJar : add usbx
2023-10-21 21:14:32,652 [FATAL] Updater:294 - Updater called before beeing initialized
2023-10-21 21:14:32,729 [FATAL] Updater:294 - Updater called before beeing initialized
2023-10-21 21:14:32,732 [INFO] DbMcusAds:47 - JSON generation date=Tue Mar 07 15:50:55 ICT 2023 (1678179055114)
2023-10-21 21:14:32,732 [FATAL] Updater:294 - Updater called before beeing initialized
2023-10-21 21:14:32,758 [WARN] DetailPanel:314 - Failed to get advertising image, set to default
2023-10-21 21:14:32,823 [FATAL] Updater:294 - Updater called before beeing initialized
2023-10-21 21:14:32,825 [FATAL] Updater:294 - Updater called before beeing initialized
2023-10-21 21:14:32,825 [FATAL] Updater:294 - Updater called before beeing initialized
2023-10-21 21:14:32,825 [WARN] DetailPanel:314 - Failed to get advertising image, set to default
2023-10-21 21:14:32,825 [FATAL] Updater:294 - Updater called before beeing initialized
2023-10-21 21:14:32,861 [ERROR] Updater:1075 - MainUpdater not yet initialized. External WinMGr cannot be set.
2023-10-21 21:14:32,863 [INFO] Updater:1012 - Updater Version found : 6.3.0
2023-10-21 21:14:32,878 [INFO] ApplicationProperties:181 - Using Application install path: C:\ST\STM32CubeIDE_1.7.0\STM32CubeIDE\plugins\com.st.stm32cube.common.mx_6.3.0.202107141111
2023-10-21 21:14:33,200 [INFO] MainUpdater:2671 - connection check result : 10
2023-10-21 21:14:33,201 [INFO] MainUpdater:265 - Updater Check For Update Now.
2023-10-21 21:14:33,201 [INFO] MicroXplorer:478 - Change Database Version : DB.6.0.30
2023-10-21 21:14:33,344 [INFO] CheckServerUpdateThread:112 - End of CheckServer Thread
2023-10-21 21:14:33,419 [INFO] MainUpdater:2671 - connection check result : 10
2023-10-21 21:14:33,618 [INFO] McuFinderGlobals:52 - Set McuFinderConnectedMode to false
2023-10-21 21:14:33,701 [INFO] CrossSelectorPresenter:1330 - Cross Selector saved comparison directory: C:\Users\Heathcliff\.stmcufinder\plugins\mcufinder\mcu\cs_comparisons_mx
2023-10-21 21:14:33,707 [INFO] MultiScanPanel:197 - Auto-refresh data requested => check proxy status ongoing
2023-10-21 21:14:33,707 [INFO] MultiScanPanel:201 - Proxy status is invalid
2023-10-21 21:14:33,710 [INFO] FinderPluginLoader:87 - Searching for filters in installed packs
2023-10-21 21:14:33,711 [INFO] DbMcusXml:100 - Load MCU database from C:\ST\STM32CubeIDE_1.7.0\STM32CubeIDE\plugins\com.st.stm32cube.common.mx_6.3.0.202107141111\\db\/mcu/families.xml
2023-10-21 21:14:34,399 [INFO] DbMcusJson:93 - JSON generation date=Tue Nov 16 23:17:54 ICT 2021 (1637079474)
2023-10-21 21:14:34,888 [INFO] DbMcus:175 - Found 1951 MCUs (1903 are supported by CubeMX, 1914 are visible in CubeMX)
2023-10-21 21:14:34,888 [INFO] ApiDb:251 - Load user favorites file C:\Users\Heathcliff/.stm32cubeide/favorites.mcus.txt: 0 item(s)
2023-10-21 21:14:34,889 [INFO] ApiDb:255 - User favorites MCUs=[]
2023-10-21 21:14:34,889 [INFO] DbMcus:187 - Set 0 / 0 favorites MCUs
2023-10-21 21:14:35,031 [ERROR] Engine:463 - C:\Users\Heathcliff\.stm32cubemx\thirdparties\pdsc\STMicroelectronics.X-CUBE-SMBUS.2.1.0.pdsc: PDSC version is not supported
2023-10-21 21:14:35,097 [WARN] PackLoader:238 - Cannot read IP mode file for STMicroelectronics.X-CUBE-AZRTOS-F7.1.1.0
2023-10-21 21:14:35,106 [ERROR] Engine:463 - C:\Users\Heathcliff\.stm32cubemx\thirdparties\pdsc\STMicroelectronics.FP-SNS-MOTENV1.4.3.2.pdsc: PDSC version is not supported
2023-10-21 21:14:35,108 [ERROR] Engine:463 - C:\Users\Heathcliff\.stm32cubemx\thirdparties\pdsc\STMicroelectronics.FP-SNS-FLIGHT1.5.0.2.pdsc: PDSC version is not supported
2023-10-21 21:14:35,110 [ERROR] Engine:463 - C:\Users\Heathcliff\.stm32cubemx\thirdparties\pdsc\STMicroelectronics.X-CUBE-DISPLAY.3.0.0.pdsc: PDSC version is not supported
2023-10-21 21:14:35,116 [WARN] PackLoader:238 - Cannot read IP mode file for STMicroelectronics.X-CUBE-BLE1.7.0.0
2023-10-21 21:14:35,129 [ERROR] Engine:463 - C:\Users\Heathcliff\.stm32cubemx\thirdparties\pdsc\emotas.I-CUBE-CANOPEN.1.3.0.pdsc: PDSC version is not supported
2023-10-21 21:14:35,135 [WARN] PackLoader:238 - Cannot read IP mode file for STMicroelectronics.X-CUBE-TOUCHGFX.4.22.0
2023-10-21 21:14:35,137 [WARN] PackLoader:238 - Cannot read IP mode file for STMicroelectronics.X-CUBE-TOUCHGFX.4.22.1
2023-10-21 21:14:35,139 [ERROR] Engine:463 - C:\Users\Heathcliff\.stm32cubemx\thirdparties\pdsc\STMicroelectronics.FP-SNS-SMARTAG2.1.2.0.pdsc: PDSC version is not supported
2023-10-21 21:14:35,150 [INFO] LogOutputStream:76 - [STDOUT_REDIRECT] 1 : Invalid condition id : UX_CORESTACK_Condition cause : null
2023-10-21 21:14:35,153 [INFO] LogOutputStream:76 - [STDOUT_REDIRECT] 1 : Invalid condition id : UX_CORESTACK_Condition cause : null
2023-10-21 21:14:35,153 [INFO] LogOutputStream:76 - [STDOUT_REDIRECT] 1 : Invalid condition id : UX_CORESTACK_Condition cause : null
2023-10-21 21:14:35,154 [INFO] LogOutputStream:76 - [STDOUT_REDIRECT] 1 : Invalid condition id : UX_CORESTACK_Condition cause : null
2023-10-21 21:14:35,155 [INFO] LogOutputStream:76 - [STDOUT_REDIRECT] 1 : Invalid condition id : UX_CORESTACK_Condition cause : null
2023-10-21 21:14:35,157 [WARN] PackLoader:238 - Cannot read IP mode file for STMicroelectronics.X-CUBE-AZRTOS-WL.2.0.0
2023-10-21 21:14:35,165 [WARN] PackLoader:238 - Cannot read IP mode file for WES.I-CUBE-Cesium.1.3.0
2023-10-21 21:14:35,170 [WARN] PackLoader:238 - Cannot read IP mode file for STMicroelectronics.X-CUBE-BLE2.3.3.0
2023-10-21 21:14:35,176 [WARN] PackLoader:238 - Cannot read IP mode file for STMicroelectronics.X-CUBE-ALGOBUILD.1.3.0
2023-10-21 21:14:35,192 [WARN] PackLoader:238 - Cannot read IP mode file for STMicroelectronics.X-CUBE-AZRTOS-G0.1.1.0
2023-10-21 21:14:35,208 [WARN] PackLoader:238 - Cannot read IP mode file for STMicroelectronics.X-CUBE-NFC4.3.0.0
2023-10-21 21:14:35,213 [WARN] PackLoader:238 - Cannot read IP mode file for STMicroelectronics.FP-ATR-SIGFOX1.3.2.0
2023-10-21 21:14:35,238 [WARN] PackLoader:238 - Cannot read IP mode file for SEGGER.I-CUBE-embOS.1.3.1
2023-10-21 21:14:35,295 [WARN] PackLoader:238 - Cannot read IP mode file for STMicroelectronics.X-CUBE-GNSS1.6.0.0
2023-10-21 21:14:35,310 [WARN] PackLoader:238 - Cannot read IP mode file for STMicroelectronics.X-CUBE-AZRTOS-F4.1.1.0
2023-10-21 21:14:35,316 [WARN] PackLoader:238 - Cannot read IP mode file for wolfSSL.I-CUBE-wolfSSL.5.6.3
2023-10-21 21:14:35,327 [INFO] DetailPanel:309 - Set advertising image to C:/Users/Heathcliff/STM32Cube/Repository/\en.prom-stm32h5-mcu-finder.jpg
2023-10-21 21:14:35,340 [WARN] PackLoader:238 - Cannot read IP mode file for STMicroelectronics.X-CUBE-AZRTOS-L5.2.0.0
2023-10-21 21:14:35,401 [WARN] PackLoader:238 - Cannot read IP mode file for STMicroelectronics.X-CUBE-MEMS1.9.6.0
2023-10-21 21:14:35,607 [ERROR] Engine:463 - C:\Users\Heathcliff\.stm32cubemx\thirdparties\pdsc\ITTIA_DB.I-CUBE-ITTIADB.8.8.0.pdsc: PDSC version is not supported
2023-10-21 21:14:35,617 [WARN] PackLoader:238 - Cannot read IP mode file for STMicroelectronics.X-CUBE-BLEMGR.2.0.0
2023-10-21 21:14:35,657 [WARN] ConditionMgr:437 - getConditionDescription Invalid condition id : UX DEVICE CLASS RTOS Condition cause : null
2023-10-21 21:14:35,658 [WARN] ConditionMgr:437 - getConditionDescription Invalid condition id : UX DEVICE CLASS RTOS Condition cause : null
2023-10-21 21:14:35,662 [WARN] PackLoader:238 - Cannot read IP mode file for STMicroelectronics.X-CUBE-AZRTOS-H7.3.1.0
2023-10-21 21:14:35,663 [WARN] ConditionMgr:1038 - genDependencies : Invalid condition id : UX DEVICE CLASS RTOS Condition cause : null
2023-10-21 21:14:35,663 [WARN] ConditionMgr:1038 - genDependencies : Invalid condition id : UX DEVICE CLASS RTOS Condition cause : null
2023-10-21 21:14:35,664 [WARN] ConditionMgr:1038 - genDependencies : Invalid condition id : UX DEVICE CLASS RTOS Condition cause : null
2023-10-21 21:14:35,665 [WARN] ConditionMgr:1038 - genDependencies : Invalid condition id : UX DEVICE CLASS RTOS Condition cause : null
2023-10-21 21:14:35,665 [WARN] ConditionMgr:1038 - genDependencies : Invalid condition id : UX DEVICE CLASS RTOS Condition cause : null
2023-10-21 21:14:35,673 [WARN] PackLoader:238 - Cannot read IP mode file for STMicroelectronics.X-CUBE-NFC7.1.0.1
2023-10-21 21:14:35,684 [WARN] PackLoader:238 - Cannot read IP mode file for STMicroelectronics.X-CUBE-NFC6.3.0.0
2023-10-21 21:14:35,693 [WARN] PackLoader:238 - Cannot read IP mode file for STMicroelectronics.X-CUBE-EEPRMA1.4.1.0
2023-10-21 21:14:35,698 [WARN] PackLoader:238 - Cannot read IP mode file for STMicroelectronics.X-CUBE-AI.8.1.0
2023-10-21 21:14:35,717 [WARN] ConditionMgr:437 - getConditionDescription Invalid condition id : LAN8742 Phy interface Condition cause : null
2023-10-21 21:14:35,718 [WARN] PackLoader:238 - Cannot read IP mode file for STMicroelectronics.X-CUBE-AZRTOS-L4.2.0.0
2023-10-21 21:14:35,719 [WARN] ConditionMgr:1038 - genDependencies : Invalid condition id : LAN8742 Phy interface Condition cause : null
2023-10-21 21:14:35,720 [WARN] ConditionMgr:1038 - genDependencies : Invalid condition id : LAN8742 Phy interface Condition cause : null
2023-10-21 21:14:35,720 [WARN] ConditionMgr:1038 - genDependencies : Invalid condition id : LAN8742 Phy interface Condition cause : null
2023-10-21 21:14:35,729 [WARN] PackLoader:238 - Cannot read IP mode file for STMicroelectronics.X-CUBE-SFXS2LP1.4.0.0
2023-10-21 21:14:35,733 [WARN] PackLoader:238 - Cannot read IP mode file for STMicroelectronics.X-CUBE-ISPU.1.1.0
2023-10-21 21:14:35,750 [WARN] ConditionMgr:437 - getConditionDescription Invalid condition id : UX DEVICE CLASS RTOS Condition cause : null
2023-10-21 21:14:35,750 [WARN] ConditionMgr:437 - getConditionDescription Invalid condition id : UX DEVICE CLASS RTOS Condition cause : null
2023-10-21 21:14:35,752 [WARN] PackLoader:238 - Cannot read IP mode file for STMicroelectronics.X-CUBE-AZRTOS-WB.2.0.0
2023-10-21 21:14:35,753 [WARN] ConditionMgr:1038 - genDependencies : Invalid condition id : UX DEVICE CLASS RTOS Condition cause : null
2023-10-21 21:14:35,753 [WARN] ConditionMgr:1038 - genDependencies : Invalid condition id : UX DEVICE CLASS RTOS Condition cause : null
2023-10-21 21:14:35,753 [WARN] ConditionMgr:1038 - genDependencies : Invalid condition id : UX DEVICE CLASS RTOS Condition cause : null
2023-10-21 21:14:35,753 [WARN] ConditionMgr:1038 - genDependencies : Invalid condition id : UX DEVICE CLASS RTOS Condition cause : null
2023-10-21 21:14:35,753 [WARN] ConditionMgr:1038 - genDependencies : Invalid condition id : UX DEVICE CLASS RTOS Condition cause : null
2023-10-21 21:14:35,763 [WARN] PackLoader:238 - Cannot read IP mode file for STMicroelectronics.X-CUBE-SUBG2.5.0.0
2023-10-21 21:14:35,771 [ERROR] Engine:463 - C:\Users\Heathcliff\.stm32cubemx\thirdparties\pdsc\STMicroelectronics.X-CUBE-TOF1.3.3.1.pdsc: PDSC version is not supported
2023-10-21 21:14:35,774 [INFO] DbBoardsPdsc:90 - Found 25 items
2023-10-21 21:14:35,775 [INFO] DbBoardsPdsc:90 - Found 9 items
2023-10-21 21:14:35,778 [INFO] DbBoardsPdsc:90 - Found 33 items
2023-10-21 21:14:35,779 [INFO] DbBoardsPdsc:90 - Found 1 items
2023-10-21 21:14:35,786 [WARN] PackLoader:238 - Cannot read IP mode file for STMicroelectronics.X-CUBE-AZRTOS-G4.2.0.0
2023-10-21 21:14:35,787 [INFO] DbBoardsPdsc:90 - Found 48 items
2023-10-21 21:14:35,792 [ERROR] Engine:463 - C:\Users\Heathcliff\.stm32cubemx\thirdparties\pdsc\Infineon.AIROC-Wi-Fi-Bluetooth-STM32.1.5.1.pdsc: PDSC version is not supported
2023-10-21 21:14:35,793 [INFO] DbBoardsPdsc:90 - Found 43 items
2023-10-21 21:14:35,793 [ERROR] Engine:463 - C:\Users\Heathcliff\.stm32cubemx\thirdparties\pdsc\STMicroelectronics.X-CUBE-FREERTOS.1.1.0.pdsc: PDSC version is not supported
2023-10-21 21:14:35,794 [INFO] DbBoardsPdsc:90 - Found 2 items
2023-10-21 21:14:35,795 [INFO] DbBoardsPdsc:90 - Found 5 items
2023-10-21 21:14:35,797 [WARN] PackLoader:238 - Cannot read IP mode file for portGmbH.I-Cube-SoM-uGOAL.1.1.0
2023-10-21 21:14:35,798 [WARN] DbBoardsPdsc:254 - Board STM32H7B3I-DK: unknown feature type=Audio, name=, username=Audio stereo codec with Headphone Amp (CS42L51-CNZ), n=1
2023-10-21 21:14:35,799 [WARN] DbBoardsPdsc:254 - Board STM32H735G-DK: unknown feature type=Audio, name=, username=Audio stereo codec with Headphone Amp (WM8994ECS/R), n=1
2023-10-21 21:14:35,800 [WARN] DbBoardsPdsc:254 - Board STM32H7B3I-EVAL: unknown feature type=Audio, name=, username=Multi-Channel Audio Codec (CS42L51-CNZ), n=1
2023-10-21 21:14:35,800 [WARN] DbBoardsPdsc:254 - Board STM32H7B3I-EVAL: unknown feature type=Meter, name=, username=Power-metering and Temperature-monitoring with sigma-delta modulators, n=1
2023-10-21 21:14:35,801 [WARN] DbBoardsPdsc:254 - Board STM32H7B3I-EVAL: unknown feature type=Motor, name=, username=Motor Control, n=1
2023-10-21 21:14:35,801 [WARN] DbBoardsPdsc:254 - Board STM32U575I-EV: unknown feature type=joystick, name=, username=4-direction joystick with selection button, n=1
2023-10-21 21:14:35,802 [WARN] PackLoader:238 - Cannot read IP mode file for STMicroelectronics.X-CUBE-ALS.1.0.1
2023-10-21 21:14:35,806 [WARN] PackLoader:238 - Cannot read IP mode file for STMicroelectronics.FP-ATR-ASTRA1.2.0.0
2023-10-21 21:14:35,807 [INFO] ThirdParty:915 - Integrity check success = true
2023-10-21 21:14:35,807 [INFO] IntegrityCheckThread:94 - exiting critical section [integrity check]
2023-10-21 21:14:35,807 [INFO] IntegrityCheckThread:97 - End integrity checks thread
2023-10-21 21:14:35,815 [INFO] DbBoardsJson:86 - JSON generation date=Tue Nov 16 23:17:54 ICT 2021 (1637079474)
2023-10-21 21:14:35,820 [INFO] DbBoards:117 - Found 167 boards (163 are supported by CubeMX)
2023-10-21 21:14:35,822 [INFO] DbBoardsDocs:143 - JSON generation date=Tue Nov 16 23:17:54 ICT 2021 (1637079474)
2023-10-21 21:14:35,824 [INFO] DbBoardsDocs:79 - Found 209 boards documents
2023-10-21 21:14:35,825 [WARN] DbBoards:127 - board B-L475E-IOT01A2 has no document id list !
2023-10-21 21:14:35,826 [WARN] DbBoards:127 - board NUCLEO-H743ZI has no document id list !
2023-10-21 21:14:35,826 [WARN] DbBoards:127 - board NUCLEO-WL55JC2 has no document id list !
2023-10-21 21:14:35,827 [WARN] DbBoards:127 - board P-NUCLEO-WB55-Nucleo has no document id list !
2023-10-21 21:14:35,827 [WARN] DbBoards:127 - board P-NUCLEO-WB55-USBDongle has no document id list !
2023-10-21 21:14:35,827 [WARN] DbBoards:127 - board STEVAL-BFA001V1B has no document id list !
2023-10-21 21:14:35,827 [WARN] DbBoards:127 - board STEVAL-BFA001V2B has no document id list !
2023-10-21 21:14:35,827 [WARN] DbBoards:127 - board STEVAL-IDP005V1 has no document id list !
2023-10-21 21:14:35,827 [WARN] DbBoards:127 - board STEVAL-IDP005V2 has no document id list !
2023-10-21 21:14:35,827 [WARN] DbBoards:127 - board STEVAL-MKSBOX1V1 has no document id list !
2023-10-21 21:14:35,828 [WARN] DbBoards:127 - board STEVAL-STWINKT1 has no document id list !
2023-10-21 21:14:35,828 [WARN] DbBoards:127 - board STEVAL-STWINKT1B has no document id list !
2023-10-21 21:14:35,828 [WARN] DbBoards:127 - board STM32439I-EVAL2 has no document id list !
2023-10-21 21:14:35,828 [WARN] DbBoards:127 - board STM32F401C-DISCO has no document id list !
2023-10-21 21:14:35,828 [WARN] DbBoards:127 - board STM32F769I-DISC1 has no document id list !
2023-10-21 21:14:35,829 [WARN] DbBoards:127 - board STM32G474E-EVAL1 has no document id list !
2023-10-21 21:14:35,829 [WARN] DbBoards:127 - board STM32H743I-EVAL2 has no document id list !
2023-10-21 21:14:35,829 [WARN] DbBoards:127 - board STM32H747I-DISC1 has no document id list !
2023-10-21 21:14:35,829 [WARN] DbBoards:127 - board STM32H753I-EVAL2 has no document id list !
2023-10-21 21:14:35,829 [WARN] DbBoards:127 - board STM32L-DISCOVERY has no document id list !
2023-10-21 21:14:35,928 [ERROR] DbBoards:189 - Image file not found for board B-U585I-IOT02A: C:\ST\STM32CubeIDE_1.7.0\STM32CubeIDE\plugins\com.st.stm32cube.common.mx_6.3.0.202107141111\\db\/plugins/mcufinder/images/boards/B-U585I-IOT02A_small.jpg
2023-10-21 21:14:36,004 [ERROR] DbBoards:189 - Image file not found for board NUCLEO-F413ZH: C:\ST\STM32CubeIDE_1.7.0\STM32CubeIDE\plugins\com.st.stm32cube.common.mx_6.3.0.202107141111\\db\/plugins/mcufinder/images/boards/nucleo-f413zh_small.jpg
2023-10-21 21:14:36,153 [ERROR] DbBoards:189 - Image file not found for board NUCLEO-L552ZE-Q: C:\ST\STM32CubeIDE_1.7.0\STM32CubeIDE\plugins\com.st.stm32cube.common.mx_6.3.0.202107141111\\db\/plugins/mcufinder/images/boards/nucleo_l552ze_q_small.jpg
2023-10-21 21:14:36,153 [ERROR] DbBoards:189 - Image file not found for board NUCLEO-U575ZI-Q: C:\ST\STM32CubeIDE_1.7.0\STM32CubeIDE\plugins\com.st.stm32cube.common.mx_6.3.0.202107141111\\db\/plugins/mcufinder/images/boards/nucleo-u575zi-q_small.jpg
2023-10-21 21:14:36,153 [ERROR] DbBoards:189 - Image file not found for board NUCLEO-WB15CC: C:\ST\STM32CubeIDE_1.7.0\STM32CubeIDE\plugins\com.st.stm32cube.common.mx_6.3.0.202107141111\\db\/plugins/mcufinder/images/boards/nucleo-wb15cc_small.jpg
2023-10-21 21:14:36,154 [ERROR] DbBoards:189 - Image file not found for board NUCLEO-WB55RG: C:\ST\STM32CubeIDE_1.7.0\STM32CubeIDE\plugins\com.st.stm32cube.common.mx_6.3.0.202107141111\\db\/plugins/mcufinder/images/boards/nucleo-wb55rg_small.jpg
2023-10-21 21:14:37,127 [INFO] ApiDb:251 - Load user favorites file C:\Users\Heathcliff/.stm32cubeide/favorites.boards.txt: 0 item(s)
2023-10-21 21:14:37,127 [INFO] ApiDb:255 - User favorites Boards=[]
2023-10-21 21:14:37,127 [INFO] DbBoards:206 - Set 0 / 0 favorites Boards
2023-10-21 21:14:56,964 [INFO] DbMcusDocs:143 - JSON generation date=Tue Nov 16 23:17:54 ICT 2021 (1637079474)
2023-10-21 21:14:57,153 [INFO] DbMcusDocs:79 - Found 682 MCUs documents
2023-10-21 21:15:05,139 [INFO] MainUpdater:2671 - connection check result : 10
2023-10-21 21:15:05,139 [INFO] MainUpdater:2671 - connection check result : 10
2023-10-21 21:15:05,188 [INFO] MicroXplorer:448 - Change Database Path : 
2023-10-21 21:15:05,188 [INFO] MicroXplorer:478 - Change Database Version : DB.6.0.30
2023-10-21 21:15:05,189 [WARN] ThirdParty:813 - waiting for thirdparty lock release [close project]
2023-10-21 21:15:05,189 [INFO] ThirdParty:815 - entering critical section [close project]
2023-10-21 21:15:05,190 [INFO] ThirdParty:825 - exiting critical section [close project]
2023-10-21 21:15:05,195 [INFO] PinOutPanel:1463 - setPackage(No Configuration,No Configuration)
2023-10-21 21:15:05,195 [INFO] UtilMem:74 - Begin LoadConfig() Used Memory: 842116400 Bytes (975175680)
2023-10-21 21:15:05,196 [INFO] MicroXplorer:448 - Change Database Path : 
2023-10-21 21:15:05,197 [INFO] MicroXplorer:478 - Change Database Version : DB.6.0.30
2023-10-21 21:15:05,197 [INFO] OpenFileManager:313 - Change cursor
2023-10-21 21:15:05,814 [INFO] Context:592 - Trying to add GPIOservice into a context  which must be forbidden
2023-10-21 21:15:05,989 [INFO] ImportTextPane:167 - (OptionalMessage_ERROR) Unable to find key (Mcu.ThirdPartyNb) in loaded IOC file
2023-10-21 21:15:05,989 [INFO] ImportTextPane:167 - (OptionalMessage_ERROR) Unable to find key (Mcu.PinsNb) in loaded IOC file
2023-10-21 21:15:05,990 [INFO] ImportTextPane:167 - (OptionalMessage_ERROR) Unable to find key (Mcu.IPNb) in loaded IOC file
2023-10-21 21:15:06,036 [WARN] ApiManager:304 - Cannot register API 'Board Extension:GNSS1A1' from pack STMicroelectronics.X-CUBE-GNSS1.6.0.0: no header file found
2023-10-21 21:15:06,036 [WARN] ApiManager:304 - Cannot register API 'Board Support:Custom' from pack STMicroelectronics.X-CUBE-GNSS1.6.0.0: no header file found
2023-10-21 21:15:06,036 [WARN] ApiManager:304 - Cannot register API 'Data Exchange:lib_gnss' from pack STMicroelectronics.X-CUBE-GNSS1.6.0.0: no header file found
2023-10-21 21:15:06,041 [WARN] ApiManager:304 - Cannot register API 'Wireless:BlueNRG-MS' from pack STMicroelectronics.X-CUBE-BLE1.7.0.0: no header file found
2023-10-21 21:15:06,044 [WARN] ModelIntegratedComponent:60 - No mode defined for component null
2023-10-21 21:15:06,044 [WARN] ModelIntegratedComponent:60 - No mode defined for component null
2023-10-21 21:15:06,044 [WARN] ModelIntegratedComponent:60 - No mode defined for component null
2023-10-21 21:15:06,044 [WARN] ModelIntegratedComponent:60 - No mode defined for component null
2023-10-21 21:15:06,044 [WARN] ModelIntegratedComponent:60 - No mode defined for component null
2023-10-21 21:15:06,044 [WARN] ModelIntegratedComponent:60 - No mode defined for component null
2023-10-21 21:15:06,044 [WARN] ModelIntegratedComponent:60 - No mode defined for component null
2023-10-21 21:15:06,044 [WARN] ModelIntegratedComponent:60 - No mode defined for component null
2023-10-21 21:15:06,044 [WARN] ModelIntegratedComponent:60 - No mode defined for component null
2023-10-21 21:15:06,044 [WARN] ModelIntegratedComponent:60 - No mode defined for component null
2023-10-21 21:15:06,044 [WARN] ModelIntegratedComponent:60 - No mode defined for component null
2023-10-21 21:15:06,044 [WARN] ModelIntegratedComponent:60 - No mode defined for component null
2023-10-21 21:15:06,044 [WARN] ModelIntegratedComponent:60 - No mode defined for component null
2023-10-21 21:15:06,044 [WARN] ModelIntegratedComponent:60 - No mode defined for component null
2023-10-21 21:15:06,044 [WARN] ModelIntegratedComponent:60 - No mode defined for component null
2023-10-21 21:15:06,044 [WARN] ModelIntegratedComponent:60 - No mode defined for component null
2023-10-21 21:15:06,044 [WARN] ModelIntegratedComponent:60 - No mode defined for component null
2023-10-21 21:15:06,045 [WARN] ModelIntegratedComponent:60 - No mode defined for component null
2023-10-21 21:15:06,045 [WARN] ModelIntegratedComponent:60 - No mode defined for component null
2023-10-21 21:15:06,045 [WARN] ModelIntegratedComponent:60 - No mode defined for component null
2023-10-21 21:15:06,045 [WARN] ModelIntegratedComponent:60 - No mode defined for component null
2023-10-21 21:15:06,045 [WARN] ModelIntegratedComponent:60 - No mode defined for component null
2023-10-21 21:15:06,045 [WARN] ModelIntegratedComponent:60 - No mode defined for component null
2023-10-21 21:15:06,045 [WARN] ModelIntegratedComponent:60 - No mode defined for component null
2023-10-21 21:15:06,045 [WARN] ModelIntegratedComponent:60 - No mode defined for component null
2023-10-21 21:15:06,045 [WARN] ModelIntegratedComponent:60 - No mode defined for component null
2023-10-21 21:15:06,045 [WARN] ModelIntegratedComponent:60 - No mode defined for component null
2023-10-21 21:15:06,045 [WARN] ModelIntegratedComponent:60 - No mode defined for component null
2023-10-21 21:15:06,045 [WARN] ModelIntegratedComponent:60 - No mode defined for component null
2023-10-21 21:15:06,045 [WARN] ModelIntegratedComponent:60 - No mode defined for component null
2023-10-21 21:15:06,045 [WARN] ModelIntegratedComponent:60 - No mode defined for component null
2023-10-21 21:15:06,047 [WARN] ApiManager:304 - Cannot register API 'Board Extension:NFC07A1' from pack STMicroelectronics.X-CUBE-NFC7.1.0.1: no header file found
2023-10-21 21:15:06,051 [WARN] ApiManager:304 - Cannot register API 'Board Extension:NFC06A1' from pack STMicroelectronics.X-CUBE-NFC6.3.0.0: no header file found
2023-10-21 21:15:06,051 [WARN] ApiManager:304 - Cannot register API 'Board Extension:NFC08A1' from pack STMicroelectronics.X-CUBE-NFC6.3.0.0: no header file found
2023-10-21 21:15:06,052 [WARN] ApiManager:304 - Cannot register API 'Board Extension:EEPRMA1' from pack STMicroelectronics.X-CUBE-EEPRMA1.4.1.0: no header file found
2023-10-21 21:15:06,052 [WARN] ApiManager:304 - Cannot register API 'Board Extension:EEPRMA2' from pack STMicroelectronics.X-CUBE-EEPRMA1.4.1.0: no header file found
2023-10-21 21:15:06,052 [WARN] ApiManager:304 - Cannot register API 'Board Extension:PGEEZ1' from pack STMicroelectronics.X-CUBE-EEPRMA1.4.1.0: no header file found
2023-10-21 21:15:06,052 [WARN] ApiManager:304 - Cannot register API 'Board Part:M24' from pack STMicroelectronics.X-CUBE-EEPRMA1.4.1.0: no header file found
2023-10-21 21:15:06,052 [WARN] ApiManager:304 - Cannot register API 'Board Part:M95' from pack STMicroelectronics.X-CUBE-EEPRMA1.4.1.0: no header file found
2023-10-21 21:15:06,052 [WARN] ApiManager:304 - Cannot register API 'Board Part:M95P32' from pack STMicroelectronics.X-CUBE-EEPRMA1.4.1.0: no header file found
2023-10-21 21:15:06,052 [WARN] ApiManager:304 - Cannot register API 'PGEEZ1:SPI' from pack STMicroelectronics.X-CUBE-EEPRMA1.4.1.0: no header file found
2023-10-21 21:15:06,052 [WARN] ApiManager:304 - Cannot register API 'PGEEZ1:QDSPI' from pack STMicroelectronics.X-CUBE-EEPRMA1.4.1.0: no header file found
2023-10-21 21:15:06,172 [WARN] ApiManager:304 - Cannot register API 'Board Extension:IKS01A3' from pack STMicroelectronics.X-CUBE-MEMS1.9.6.0: no header file found
2023-10-21 21:15:06,173 [WARN] ApiManager:304 - Cannot register API 'Board Extension:IKS01A2' from pack STMicroelectronics.X-CUBE-MEMS1.9.6.0: no header file found
2023-10-21 21:15:06,173 [WARN] ApiManager:304 - Cannot register API 'Board Extension:IKS02A1' from pack STMicroelectronics.X-CUBE-MEMS1.9.6.0: no header file found
2023-10-21 21:15:06,183 [INFO] RtosManager:484 - Registered RTOS mode: class=CMSIS, group=RTOS, mode=CMSIS_V1, owner=FREERTOS
2023-10-21 21:15:06,183 [INFO] RtosManager:484 - Registered RTOS mode: class=CMSIS, group=RTOS2, mode=CMSIS_V2, owner=FREERTOS
2023-10-21 21:15:06,183 [INFO] RtosManager:484 - Registered RTOS mode: class=RTOS, group=Core, mode=CMSIS_V1, owner=FREERTOS
2023-10-21 21:15:06,183 [INFO] RtosManager:484 - Registered RTOS mode: class=RTOS, group=Core, mode=CMSIS_V2, owner=FREERTOS
2023-10-21 21:15:06,183 [WARN] ModelIntegratedComponent:181 - Missing modes for component STMicroelectronics:FreeRTOS:0.0.1:STMicroelectronics:RTOS:FreeRTOS:Core:::10.2.0:
2023-10-21 21:15:06,184 [WARN] ApiManager:304 - Cannot register API 'Board Extension:NFC04A1' from pack STMicroelectronics.X-CUBE-NFC4.3.0.0: no header file found
2023-10-21 21:15:06,186 [WARN] ApiManager:304 - Cannot register API 'Board Extension:S2868A1' from pack STMicroelectronics.X-CUBE-SUBG2.5.0.0: no header file found
2023-10-21 21:15:06,187 [WARN] ApiManager:304 - Cannot register API 'Board Extension:S2868A2' from pack STMicroelectronics.X-CUBE-SUBG2.5.0.0: no header file found
2023-10-21 21:15:06,187 [WARN] ApiManager:304 - Cannot register API 'Board Extension:S2915A1' from pack STMicroelectronics.X-CUBE-SUBG2.5.0.0: no header file found
2023-10-21 21:15:06,189 [WARN] ApiManager:304 - Cannot register API 'Board Extension:S2868A1' from pack STMicroelectronics.X-CUBE-SFXS2LP1.4.0.0: no header file found
2023-10-21 21:15:06,189 [WARN] ApiManager:304 - Cannot register API 'Board Extension:S2868A2' from pack STMicroelectronics.X-CUBE-SFXS2LP1.4.0.0: no header file found
2023-10-21 21:15:06,189 [WARN] ApiManager:304 - Cannot register API 'Board Extension:S2915A1' from pack STMicroelectronics.X-CUBE-SFXS2LP1.4.0.0: no header file found
2023-10-21 21:15:06,189 [WARN] ApiManager:304 - Cannot register API 'Wireless:BlueNRG-2' from pack STMicroelectronics.X-CUBE-BLE2.3.3.0: no header file found
2023-10-21 21:15:07,268 [INFO] UtilMem:74 - End LoadConfig() Used Memory: 760079520 Bytes (975175680)
2023-10-21 21:15:07,274 [WARN] ThirdParty:779 - waiting for thirdparty lock release [change project]
2023-10-21 21:15:07,274 [INFO] ThirdParty:781 - entering critical section [change project]
2023-10-21 21:15:07,274 [INFO] ThirdParty:967 - CMSIS Pack Vendor :STMicroelectronics X-CUBE-ISPU 1.1.0
2023-10-21 21:15:07,274 [INFO] ThirdParty:967 - CMSIS Pack Vendor :STMicroelectronics X-CUBE-GNSS1 6.0.0
2023-10-21 21:15:07,274 [INFO] ThirdParty:967 - CMSIS Pack Vendor :STMicroelectronics USB_HOST 2.0.0
2023-10-21 21:15:07,274 [INFO] ThirdParty:967 - CMSIS Pack Vendor :STMicroelectronics X-CUBE-AZRTOS-F4 1.1.0
2023-10-21 21:15:07,274 [INFO] ThirdParty:967 - CMSIS Pack Vendor :STMicroelectronics X-CUBE-BLE1 7.0.0
2023-10-21 21:15:07,274 [INFO] ThirdParty:967 - CMSIS Pack Vendor :STMicroelectronics FP-ATR-SIGFOX1 3.2.0
2023-10-21 21:15:07,274 [INFO] ThirdParty:967 - CMSIS Pack Vendor :wolfSSL I-CUBE-wolfSSL 5.6.3
2023-10-21 21:15:07,274 [INFO] ThirdParty:967 - CMSIS Pack Vendor :STMicroelectronics USB_DEVICE 3.0.0
2023-10-21 21:15:07,274 [INFO] ThirdParty:967 - CMSIS Pack Vendor :STMicroelectronics HAL Drivers 0.0.0
2023-10-21 21:15:07,274 [INFO] ThirdParty:967 - CMSIS Pack Vendor :STMicroelectronics MBEDTLS 2.16.2
2023-10-21 21:15:07,274 [INFO] ThirdParty:967 - CMSIS Pack Vendor :STMicroelectronics X-CUBE-AZRTOS-WB 2.0.0
2023-10-21 21:15:07,274 [INFO] ThirdParty:967 - CMSIS Pack Vendor :STMicroelectronics X-CUBE-TOUCHGFX 4.22.0
2023-10-21 21:15:07,274 [INFO] ThirdParty:967 - CMSIS Pack Vendor :STMicroelectronics X-CUBE-NFC7 1.0.1
2023-10-21 21:15:07,274 [INFO] ThirdParty:967 - CMSIS Pack Vendor :STMicroelectronics MBEDTLS 2.14.1
2023-10-21 21:15:07,274 [INFO] ThirdParty:967 - CMSIS Pack Vendor :STMicroelectronics X-CUBE-TOUCHGFX 4.22.1
2023-10-21 21:15:07,275 [INFO] ThirdParty:967 - CMSIS Pack Vendor :STMicroelectronics X-CUBE-AZRTOS-F7 1.1.0
2023-10-21 21:15:07,275 [INFO] ThirdParty:967 - CMSIS Pack Vendor :STMicroelectronics X-CUBE-AZRTOS-L5 2.0.0
2023-10-21 21:15:07,275 [INFO] ThirdParty:967 - CMSIS Pack Vendor :STMicroelectronics X-CUBE-NFC6 3.0.0
2023-10-21 21:15:07,275 [INFO] ThirdParty:967 - CMSIS Pack Vendor :STMicroelectronics X-CUBE-EEPRMA1 4.1.0
2023-10-21 21:15:07,275 [INFO] ThirdParty:967 - CMSIS Pack Vendor :portGmbH I-Cube-SoM-uGOAL 1.1.0
2023-10-21 21:15:07,275 [INFO] ThirdParty:967 - CMSIS Pack Vendor :STMicroelectronics X-CUBE-ALS 1.0.1
2023-10-21 21:15:07,275 [INFO] ThirdParty:967 - CMSIS Pack Vendor :STMicroelectronics USB_DEVICE 2.0.0
2023-10-21 21:15:07,275 [INFO] ThirdParty:967 - CMSIS Pack Vendor :STMicroelectronics X-CUBE-MEMS1 9.6.0
2023-10-21 21:15:07,275 [INFO] ThirdParty:967 - CMSIS Pack Vendor :STMicroelectronics X-CUBE-AZRTOS-WL 2.0.0
2023-10-21 21:15:07,275 [INFO] ThirdParty:967 - CMSIS Pack Vendor :STMicroelectronics X-CUBE-ALGOBUILD 1.3.0
2023-10-21 21:15:07,275 [INFO] ThirdParty:967 - CMSIS Pack Vendor :SEGGER I-CUBE-embOS 1.3.1
2023-10-21 21:15:07,275 [INFO] ThirdParty:967 - CMSIS Pack Vendor :STMicroelectronics FreeRTOS 0.0.1
2023-10-21 21:15:07,275 [INFO] ThirdParty:967 - CMSIS Pack Vendor :STMicroelectronics X-CUBE-AZRTOS-G0 1.1.0
2023-10-21 21:15:07,275 [INFO] ThirdParty:967 - CMSIS Pack Vendor :STMicroelectronics USB_DEVICE 1.0.0
2023-10-21 21:15:07,275 [INFO] ThirdParty:967 - CMSIS Pack Vendor :STMicroelectronics X-CUBE-BLEMGR 2.0.0
2023-10-21 21:15:07,275 [INFO] ThirdParty:967 - CMSIS Pack Vendor :STMicroelectronics X-CUBE-AI 8.1.0
2023-10-21 21:15:07,275 [INFO] ThirdParty:967 - CMSIS Pack Vendor :STMicroelectronics X-CUBE-NFC4 3.0.0
2023-10-21 21:15:07,275 [INFO] ThirdParty:967 - CMSIS Pack Vendor :STMicroelectronics X-CUBE-SUBG2 5.0.0
2023-10-21 21:15:07,275 [INFO] ThirdParty:967 - CMSIS Pack Vendor :STMicroelectronics X-CUBE-AZRTOS-L4 2.0.0
2023-10-21 21:15:07,275 [INFO] ThirdParty:967 - CMSIS Pack Vendor :STMicroelectronics ThreadX 0.0.2
2023-10-21 21:15:07,275 [INFO] ThirdParty:967 - CMSIS Pack Vendor :WES I-CUBE-Cesium 1.3.0
2023-10-21 21:15:07,275 [INFO] ThirdParty:967 - CMSIS Pack Vendor :STMicroelectronics FP-ATR-ASTRA1 2.0.0
2023-10-21 21:15:07,275 [INFO] ThirdParty:967 - CMSIS Pack Vendor :STMicroelectronics lwIP 2.0.3
2023-10-21 21:15:07,275 [INFO] ThirdParty:967 - CMSIS Pack Vendor :STMicroelectronics lwIP 2.1.2
2023-10-21 21:15:07,275 [INFO] ThirdParty:967 - CMSIS Pack Vendor :STMicroelectronics X-CUBE-SFXS2LP1 4.0.0
2023-10-21 21:15:07,275 [INFO] ThirdParty:967 - CMSIS Pack Vendor :STMicroelectronics X-CUBE-BLE2 3.3.0
2023-10-21 21:15:07,275 [INFO] ThirdParty:967 - CMSIS Pack Vendor :STMicroelectronics USB_HOST 1.0.0
2023-10-21 21:15:07,275 [INFO] ThirdParty:967 - CMSIS Pack Vendor :STMicroelectronics X-CUBE-AZRTOS-G4 2.0.0
2023-10-21 21:15:07,275 [INFO] ThirdParty:967 - CMSIS Pack Vendor :STMicroelectronics PDM2PCM 3.1.0
2023-10-21 21:15:07,275 [INFO] ThirdParty:967 - CMSIS Pack Vendor :STMicroelectronics X-CUBE-AZRTOS-H7 3.1.0
2023-10-21 21:15:07,276 [INFO] ThirdParty:967 - CMSIS Pack Vendor :STMicroelectronics PDM2PCM 3.2.0
2023-10-21 21:15:07,276 [INFO] ThirdParty:967 - CMSIS Pack Vendor :STMicroelectronics PDM2PCM 3.3.0
2023-10-21 21:15:07,276 [INFO] ThirdParty:787 - exiting critical section [change project]
2023-10-21 21:15:07,422 [INFO] PinOutPanel:1463 - setPackage(No Configuration,No Configuration)
2023-10-21 21:15:07,423 [INFO] PinOutPanel:1463 - setPackage(STM32F103C6Ux,UFQFPN48)
2023-10-21 21:15:07,674 [INFO] UtilMem:74 - Before build in PCC Used Memory: 727368104 Bytes (975175680)
2023-10-21 21:15:08,144 [INFO] UtilMem:74 - After build in PCC Used Memory: 806011304 Bytes (975175680)
2023-10-21 21:15:08,158 [INFO] IPUIPlugin:74 - create IPUIPlugin
2023-10-21 21:15:08,158 [INFO] IPUIPlugin:74 - create IPUIPlugin
2023-10-21 21:15:08,158 [INFO] IPUIPlugin:74 - create IPUIPlugin
2023-10-21 21:15:08,159 [INFO] IPUIPlugin:74 - create IPUIPlugin
2023-10-21 21:15:08,159 [INFO] IPUIPlugin:74 - create IPUIPlugin
2023-10-21 21:15:08,159 [INFO] IPUIPlugin:74 - create IPUIPlugin
2023-10-21 21:15:08,159 [INFO] IPUIPlugin:74 - create IPUIPlugin
2023-10-21 21:15:08,159 [INFO] IPUIPlugin:74 - create IPUIPlugin
2023-10-21 21:15:08,159 [INFO] IPUIPlugin:74 - create IPUIPlugin
2023-10-21 21:15:08,159 [INFO] IPUIPlugin:74 - create IPUIPlugin
2023-10-21 21:15:08,159 [INFO] IPUIPlugin:74 - create IPUIPlugin
2023-10-21 21:15:08,160 [INFO] IPUIPlugin:74 - create IPUIPlugin
2023-10-21 21:15:08,160 [INFO] IPUIPlugin:74 - create IPUIPlugin
2023-10-21 21:15:08,160 [INFO] IPUIPlugin:74 - create IPUIPlugin
2023-10-21 21:15:08,160 [INFO] IPUIPlugin:74 - create IPUIPlugin
2023-10-21 21:15:08,160 [INFO] IPUIPlugin:74 - create IPUIPlugin
2023-10-21 21:15:08,160 [INFO] IPUIPlugin:74 - create IPUIPlugin
2023-10-21 21:15:08,161 [INFO] IPUIPlugin:74 - create IPUIPlugin
2023-10-21 21:15:08,161 [INFO] IPUIPlugin:74 - create IPUIPlugin
2023-10-21 21:15:08,161 [INFO] IPUIPlugin:74 - create IPUIPlugin
2023-10-21 21:15:08,161 [INFO] IPUIPlugin:74 - create IPUIPlugin
2023-10-21 21:15:08,162 [INFO] IPUIPlugin:74 - create IPUIPlugin
2023-10-21 21:15:08,162 [INFO] IPUIPlugin:74 - create IPUIPlugin
2023-10-21 21:15:08,253 [INFO] OpenFileManager:333 - Restore cursor
2023-10-21 21:15:08,477 [INFO] UtilMem:74 - End SaveConfig() Used Memory: 732658328 Bytes (975175680)
2023-10-21 21:15:08,514 [INFO] UtilMem:74 - End SaveConfig() Used Memory: 744612928 Bytes (975175680)
2023-10-21 21:15:08,747 [INFO] BlockDiagram:2740 - set Specific Code input for plugin: NVIC
2023-10-21 21:15:08,747 [INFO] BlockDiagram:2740 - set Specific Code input for plugin: SYS
2023-10-21 21:15:08,747 [INFO] BlockDiagram:2740 - set Specific Code input for plugin: RCC
2023-10-21 21:15:08,748 [INFO] CodeGenerator:663 - code generatio: config db path: C:\ST\STM32CubeIDE_1.7.0\STM32CubeIDE\plugins\com.st.stm32cube.common.mx_6.3.0.202107141111\\db\
2023-10-21 21:15:09,032 [INFO] CodeEngine:239 - oldGeneratedFile, C:\Users\Heathcliff\OneDrive\Desktop\Lab2_MCU_2113162\Lab2\MXTmpFiles\license.tmp_save
2023-10-21 21:15:09,301 [INFO] CodeEngine:257 - Generated code: C:\Users\Heathcliff\OneDrive\Desktop\Lab2_MCU_2113162\Lab2\MXTmpFiles\license.tmp
2023-10-21 21:15:09,392 [INFO] CodeEngine:239 - oldGeneratedFile, C:\Users\Heathcliff\OneDrive\Desktop\Lab2_MCU_2113162\Lab2\Core\Src\stm32f1xx_it.c_save
2023-10-21 21:15:09,485 [INFO] CodeEngine:257 - Generated code: C:\Users\Heathcliff\OneDrive\Desktop\Lab2_MCU_2113162\Lab2\Core\Src\stm32f1xx_it.c
2023-10-21 21:15:09,493 [INFO] CodeEngine:239 - oldGeneratedFile, C:\Users\Heathcliff\OneDrive\Desktop\Lab2_MCU_2113162\Lab2\Core\Inc\stm32f1xx_it.h_save
2023-10-21 21:15:09,557 [INFO] CodeEngine:257 - Generated code: C:\Users\Heathcliff\OneDrive\Desktop\Lab2_MCU_2113162\Lab2\Core\Inc\stm32f1xx_it.h
2023-10-21 21:15:09,573 [INFO] CodeEngine:239 - oldGeneratedFile, C:\Users\Heathcliff\OneDrive\Desktop\Lab2_MCU_2113162\Lab2\Core\Src\stm32f1xx_hal_msp.c_save
2023-10-21 21:15:09,656 [INFO] CodeEngine:257 - Generated code: C:\Users\Heathcliff\OneDrive\Desktop\Lab2_MCU_2113162\Lab2\Core\Src\stm32f1xx_hal_msp.c
2023-10-21 21:15:09,664 [INFO] CodeEngine:239 - oldGeneratedFile, C:\Users\Heathcliff\OneDrive\Desktop\Lab2_MCU_2113162\Lab2\MXTmpFiles\system.tmp_save
2023-10-21 21:15:09,720 [INFO] CodeEngine:257 - Generated code: C:\Users\Heathcliff\OneDrive\Desktop\Lab2_MCU_2113162\Lab2\MXTmpFiles\system.tmp
2023-10-21 21:15:09,739 [INFO] CodeEngine:239 - oldGeneratedFile, C:\Users\Heathcliff\OneDrive\Desktop\Lab2_MCU_2113162\Lab2\Core\Inc\stm32f1xx_hal_conf.h_save
2023-10-21 21:15:09,819 [INFO] CodeEngine:257 - Generated code: C:\Users\Heathcliff\OneDrive\Desktop\Lab2_MCU_2113162\Lab2\Core\Inc\stm32f1xx_hal_conf.h
2023-10-21 21:15:09,866 [INFO] CodeEngine:239 - oldGeneratedFile, C:\Users\Heathcliff\OneDrive\Desktop\Lab2_MCU_2113162\Lab2\Core\Inc\main.h_save
2023-10-21 21:15:09,947 [INFO] CodeEngine:257 - Generated code: C:\Users\Heathcliff\OneDrive\Desktop\Lab2_MCU_2113162\Lab2\Core\Inc\main.h
2023-10-21 21:15:09,958 [INFO] CodeEngine:239 - oldGeneratedFile, C:\Users\Heathcliff\OneDrive\Desktop\Lab2_MCU_2113162\Lab2\Core\Src\main.c_save
2023-10-21 21:15:10,074 [INFO] CodeEngine:257 - Generated code: C:\Users\Heathcliff\OneDrive\Desktop\Lab2_MCU_2113162\Lab2\Core\Src\main.c
2023-10-21 21:15:10,721 [INFO] ProjectBuilder:2578 - Time for Copy HAL[1] : 97mS.
2023-10-21 21:15:10,727 [INFO] ProjectBuilder:3622 - Project Generator version: 3.14.1
2023-10-21 21:15:11,057 [INFO] ConfigFileManager:1271 - The Die is : DIE412
2023-10-21 21:15:11,073 [INFO] ApiDbMcu:468 - Load IP Config File for FATFS
2023-10-21 21:15:11,106 [INFO] ApiDbMcu:468 - Load IP Config File for FREERTOS
2023-10-21 21:15:11,127 [INFO] ApiDbMcu:468 - Load IP Config File for USB_DEVICE
2023-10-21 21:15:15,220 [INFO] ProjectBuilder:3789 - Time for Generating toolchain IDE Files: 4493mS.
2023-10-21 21:15:15,221 [INFO] ProjectBuilder:2457 - Time for Copy CMSIS : 1mS.
2023-10-21 21:15:15,223 [INFO] ProjectBuilder:2457 - Time for Copy CMSIS : 0mS.
2023-10-21 21:15:16,117 [INFO] McuFinderGlobals:52 - Set McuFinderConnectedMode to true
2023-10-21 21:15:16,119 [INFO] ApiDb:276 - Save user favorites file C:\Users\Heathcliff/.stm32cubeide/favorites.mcus.txt: 0 item(s)
2023-10-21 21:15:16,120 [INFO] ApiDb:280 - User favorites MCUs=[]
2023-10-21 21:19:34,224 [INFO] NvicIntPanel:96 - NVIC parent = com.st.microxplorer.plugins.ip.nvic.MultiNvicIntPanel[,0,0,0x0,invalid,layout=javax.swing.BoxLayout,alignmentX=0.0,alignmentY=0.0,border=,flags=9,maximumSize=,minimumSize=,preferredSize=]
2023-10-21 21:19:36,612 [INFO] NvicIntPanel:96 - NVIC parent = com.st.microxplorer.plugins.ip.nvic.MultiNvicIntPanel[,0,0,0x0,invalid,layout=javax.swing.BoxLayout,alignmentX=0.0,alignmentY=0.0,border=,flags=9,maximumSize=,minimumSize=,preferredSize=]
2023-10-21 21:20:28,317 [INFO] NvicIntPanel:96 - NVIC parent = com.st.microxplorer.plugins.ip.nvic.MultiNvicIntPanel[,0,0,0x0,invalid,layout=javax.swing.BoxLayout,alignmentX=0.0,alignmentY=0.0,border=,flags=9,maximumSize=,minimumSize=,preferredSize=]
2023-10-21 21:20:30,358 [INFO] NvicIntPanel:96 - NVIC parent = com.st.microxplorer.plugins.ip.nvic.MultiNvicIntPanel[,0,0,0x0,invalid,layout=javax.swing.BoxLayout,alignmentX=0.0,alignmentY=0.0,border=,flags=9,maximumSize=,minimumSize=,preferredSize=]
2023-10-21 21:20:33,498 [INFO] NvicIntPanel:96 - NVIC parent = com.st.microxplorer.plugins.ip.nvic.MultiNvicIntPanel[,0,0,0x0,invalid,layout=javax.swing.BoxLayout,alignmentX=0.0,alignmentY=0.0,border=,flags=9,maximumSize=,minimumSize=,preferredSize=]
2023-10-21 21:20:37,760 [INFO] NvicIntPanel:96 - NVIC parent = com.st.microxplorer.plugins.ip.nvic.MultiNvicIntPanel[,0,0,0x0,invalid,layout=javax.swing.BoxLayout,alignmentX=0.0,alignmentY=0.0,border=,flags=9,maximumSize=,minimumSize=,preferredSize=]
2023-10-21 21:20:49,509 [INFO] NvicIntPanel:96 - NVIC parent = com.st.microxplorer.plugins.ip.nvic.MultiNvicIntPanel[,0,0,0x0,invalid,layout=javax.swing.BoxLayout,alignmentX=0.0,alignmentY=0.0,border=,flags=9,maximumSize=,minimumSize=,preferredSize=]
2023-10-21 21:20:51,379 [INFO] UtilMem:74 - End SaveConfig() Used Memory: 890214168 Bytes (1073741824)
2023-10-21 21:21:10,665 [INFO] NvicIntPanel:96 - NVIC parent = com.st.microxplorer.plugins.ip.nvic.MultiNvicIntPanel[,0,0,0x0,invalid,layout=javax.swing.BoxLayout,alignmentX=0.0,alignmentY=0.0,border=,flags=9,maximumSize=,minimumSize=,preferredSize=]
2023-10-21 21:21:13,523 [INFO] NvicIntPanel:96 - NVIC parent = com.st.microxplorer.plugins.ip.nvic.MultiNvicIntPanel[,0,0,0x0,invalid,layout=javax.swing.BoxLayout,alignmentX=0.0,alignmentY=0.0,border=,flags=9,maximumSize=,minimumSize=,preferredSize=]
2023-10-21 21:21:19,927 [INFO] NvicIntPanel:96 - NVIC parent = com.st.microxplorer.plugins.ip.nvic.MultiNvicIntPanel[,0,0,0x0,invalid,layout=javax.swing.BoxLayout,alignmentX=0.0,alignmentY=0.0,border=,flags=9,maximumSize=,minimumSize=,preferredSize=]
2023-10-21 21:21:23,594 [INFO] NvicIntPanel:96 - NVIC parent = com.st.microxplorer.plugins.ip.nvic.MultiNvicIntPanel[,0,0,0x0,invalid,layout=javax.swing.BoxLayout,alignmentX=0.0,alignmentY=0.0,border=,flags=9,maximumSize=,minimumSize=,preferredSize=]
2023-10-21 21:21:28,922 [INFO] UtilMem:74 - End SaveConfig() Used Memory: 714258416 Bytes (1073741824)
2023-10-21 21:21:29,958 [INFO] UtilMem:74 - End SaveConfig() Used Memory: 739424240 Bytes (1073741824)
2023-10-21 21:21:33,287 [INFO] UtilMem:74 - End SaveConfig() Used Memory: 722080224 Bytes (1073741824)
2023-10-21 21:21:33,493 [INFO] BlockDiagram:2740 - set Specific Code input for plugin: NVIC
2023-10-21 21:21:33,493 [INFO] BlockDiagram:2740 - set Specific Code input for plugin: SYS
2023-10-21 21:21:33,493 [INFO] BlockDiagram:2740 - set Specific Code input for plugin: GPIO
2023-10-21 21:21:33,493 [INFO] BlockDiagram:2740 - set Specific Code input for plugin: RCC
2023-10-21 21:21:33,493 [INFO] BlockDiagram:2740 - set Specific Code input for plugin: TIM1_8F1
2023-10-21 21:21:33,495 [INFO] CodeGenerator:663 - code generatio: config db path: C:\ST\STM32CubeIDE_1.7.0\STM32CubeIDE\plugins\com.st.stm32cube.common.mx_6.3.0.202107141111\\db\
2023-10-21 21:21:33,738 [INFO] CodeEngine:239 - oldGeneratedFile, C:\Users\Heathcliff\OneDrive\Desktop\Lab2_MCU_2113162\Lab2\MXTmpFiles\license.tmp_save
2023-10-21 21:21:33,800 [INFO] CodeEngine:257 - Generated code: C:\Users\Heathcliff\OneDrive\Desktop\Lab2_MCU_2113162\Lab2\MXTmpFiles\license.tmp
2023-10-21 21:21:33,892 [INFO] CodeEngine:239 - oldGeneratedFile, C:\Users\Heathcliff\OneDrive\Desktop\Lab2_MCU_2113162\Lab2\MXTmpFiles\gpio.tmp_save
2023-10-21 21:21:33,965 [INFO] CodeEngine:257 - Generated code: C:\Users\Heathcliff\OneDrive\Desktop\Lab2_MCU_2113162\Lab2\MXTmpFiles\gpio.tmp
2023-10-21 21:21:34,159 [INFO] CodeEngine:239 - oldGeneratedFile, C:\Users\Heathcliff\OneDrive\Desktop\Lab2_MCU_2113162\Lab2\Core\Src\stm32f1xx_it.c_save
2023-10-21 21:21:34,242 [INFO] CodeEngine:257 - Generated code: C:\Users\Heathcliff\OneDrive\Desktop\Lab2_MCU_2113162\Lab2\Core\Src\stm32f1xx_it.c
2023-10-21 21:21:34,247 [INFO] CodeEngine:239 - oldGeneratedFile, C:\Users\Heathcliff\OneDrive\Desktop\Lab2_MCU_2113162\Lab2\Core\Inc\stm32f1xx_it.h_save
2023-10-21 21:21:34,332 [INFO] CodeEngine:257 - Generated code: C:\Users\Heathcliff\OneDrive\Desktop\Lab2_MCU_2113162\Lab2\Core\Inc\stm32f1xx_it.h
2023-10-21 21:21:34,347 [INFO] CodeEngine:239 - oldGeneratedFile, C:\Users\Heathcliff\OneDrive\Desktop\Lab2_MCU_2113162\Lab2\Core\Src\stm32f1xx_hal_msp.c_save
2023-10-21 21:21:34,435 [INFO] CodeEngine:257 - Generated code: C:\Users\Heathcliff\OneDrive\Desktop\Lab2_MCU_2113162\Lab2\Core\Src\stm32f1xx_hal_msp.c
2023-10-21 21:21:34,438 [INFO] CodeEngine:239 - oldGeneratedFile, C:\Users\Heathcliff\OneDrive\Desktop\Lab2_MCU_2113162\Lab2\MXTmpFiles\system.tmp_save
2023-10-21 21:21:34,477 [INFO] CodeEngine:257 - Generated code: C:\Users\Heathcliff\OneDrive\Desktop\Lab2_MCU_2113162\Lab2\MXTmpFiles\system.tmp
2023-10-21 21:21:34,491 [INFO] CodeEngine:239 - oldGeneratedFile, C:\Users\Heathcliff\OneDrive\Desktop\Lab2_MCU_2113162\Lab2\Core\Inc\stm32f1xx_hal_conf.h_save
2023-10-21 21:21:34,566 [INFO] CodeEngine:257 - Generated code: C:\Users\Heathcliff\OneDrive\Desktop\Lab2_MCU_2113162\Lab2\Core\Inc\stm32f1xx_hal_conf.h
2023-10-21 21:21:34,578 [WARN] IPConfigManager:3148 - IP not found : TIM
2023-10-21 21:21:34,579 [WARN] CodeGenerator:3268 - IP not found : null
2023-10-21 21:21:34,595 [INFO] CodeEngine:239 - oldGeneratedFile, C:\Users\Heathcliff\OneDrive\Desktop\Lab2_MCU_2113162\Lab2\Core\Inc\main.h_save
2023-10-21 21:21:34,660 [INFO] CodeEngine:257 - Generated code: C:\Users\Heathcliff\OneDrive\Desktop\Lab2_MCU_2113162\Lab2\Core\Inc\main.h
2023-10-21 21:21:34,672 [INFO] CodeEngine:239 - oldGeneratedFile, C:\Users\Heathcliff\OneDrive\Desktop\Lab2_MCU_2113162\Lab2\Core\Src\main.c_save
2023-10-21 21:21:34,772 [INFO] CodeEngine:257 - Generated code: C:\Users\Heathcliff\OneDrive\Desktop\Lab2_MCU_2113162\Lab2\Core\Src\main.c
2023-10-21 21:21:35,400 [INFO] ProjectBuilder:2578 - Time for Copy HAL[1] : 80mS.
2023-10-21 21:21:35,403 [INFO] ProjectBuilder:3622 - Project Generator version: 3.14.1
2023-10-21 21:21:35,719 [INFO] ConfigFileManager:1271 - The Die is : DIE412
2023-10-21 21:21:37,346 [INFO] ProjectBuilder:3789 - Time for Generating toolchain IDE Files: 1943mS.
2023-10-21 21:21:37,347 [INFO] ProjectBuilder:2457 - Time for Copy CMSIS : 0mS.
2023-10-21 21:21:37,350 [INFO] ProjectBuilder:2457 - Time for Copy CMSIS : 0mS.
2023-10-22 21:10:17,473 [INFO] Activator:177 - 


2023-10-22 21:10:17,475 [INFO] Activator:178 - !SESSION log4j initialized
